5.658643544848019e-07	2.797068418658455e-06	0.999995231628418	1.079312482943351e-06	4.078551683051046e-07
0.005636870861053467	0.9943630695343018
0.6528509259223938	0.053900863975286484	0.11099861562252045	0.06797300279140472	0.11427656561136246
0.08594688773155212	0.08400310575962067	0.5687193274497986	0.1210489422082901	0.14028163254261017
0.9891692399978638	0.010830815881490707
0.0055597382597625256	0.9939793348312378	2.5396178898517974e-05	3.4730026072793407e-06	0.0004321649030316621
8.180128497770056e-05	3.6649357326723475e-08	0.9999181032180786	2.8788806005763945e-08	5.5023079426064214e-08
0.2506791651248932	0.7493208646774292
5.3264901822558386e-08	3.2127044846674835e-07	4.994582525341684e-08	0.9999995231628418	1.8938902002219038e-08
1.5123048342502443e-06	2.5918084247678053e-06	0.000687868392560631	0.9993066787719727	1.2652587884076638e-06
1.6778654980953434e-06	0.0010791791137307882	0.9984369874000549	0.00046899469452910125	1.3246105481812265e-05
3.3446761449340556e-07	0.999998927116394	1.1279163203425924e-07	5.163694254406437e-07	8.234968618126004e-08
0.16595405340194702	0.006231918465346098	0.01678096503019333	0.7076318264007568	0.10340125113725662
0.002471111249178648	0.0040408591739833355	0.9845768809318542	0.0028195835184305906	0.006091572809964418
0.34037545323371887	0.6596245765686035
0.9976739287376404	0.0023260898888111115
0.9642631411552429	0.03573682904243469
0.0009758803062140942	0.0012713265605270863	0.3900378346443176	0.6061245799064636	0.0015903802122920752
1.5125259267279034e-07	6.878645990582299e-07	3.740468628166127e-07	0.9999986886978149	8.521511318804187e-08
0.9713377952575684	0.028662273660302162